Terminals unused in grammar

   IF
   ELSE
   THEN
   WHILE
   RETURN
   READ
   WRITE
   FUNC
   CLASS
   CONSTRUCT
   ATTRIBUTE
   IMPLEMENT
   ISA
   SELF
   PUBLIC
   PRIVATE
   LOCAL
   VOID
   SEMICOLON
   COMMA
   DOT
   COLON
   LEFTPAREN
   RIGHTPAREN
   LEFTBRACE
   RIGHTBRACE
   LEFTBRACKET
   RIGHTBRACKET
   PLUS
   MINUS
   MULTIPLY
   DIVIDE
   LESS
   GREATER
   ASSIGN
   GOEQ
   LOEQ
   NEQ
   ARROW
   AND
   OR
   NOT
   ID
   ALPHANUM
   INTEGER
   INTEGER_LITERAL
   FLOAT
   FRACTION
   FLOAT_LITERAL
   NONZERO
   LETTER
   DIGIT


Grammar

    0 $accept: program $end

    1 program: PRINT_SYMBOL_TABLE
    2        | EXIT
    3        | /* empty */


Terminals, with rules where they appear

$end (0) 0
error (256)
IF (258)
ELSE (259)
THEN (260)
WHILE (261)
RETURN (262)
READ (263)
WRITE (264)
FUNC (265)
CLASS (266)
CONSTRUCT (267)
ATTRIBUTE (268)
IMPLEMENT (269)
ISA (270)
SELF (271)
PUBLIC (272)
PRIVATE (273)
LOCAL (274)
VOID (275)
SEMICOLON (276)
COMMA (277)
DOT (278)
COLON (279)
LEFTPAREN (280)
RIGHTPAREN (281)
LEFTBRACE (282)
RIGHTBRACE (283)
LEFTBRACKET (284)
RIGHTBRACKET (285)
PLUS (286)
MINUS (287)
MULTIPLY (288)
DIVIDE (289)
LESS (290)
GREATER (291)
ASSIGN (292)
GOEQ (293)
LOEQ (294)
NEQ (295)
ARROW (296)
AND (297)
OR (298)
NOT (299)
ID (300)
ALPHANUM (301)
INTEGER (302)
INTEGER_LITERAL (303)
FLOAT (304)
FRACTION (305)
FLOAT_LITERAL (306)
NONZERO (307)
LETTER (308)
DIGIT (309)
PRINT_SYMBOL_TABLE (310) 1
EXIT (311) 2


Nonterminals, with rules where they appear

$accept (57)
    on left: 0
program (58)
    on left: 1 2 3, on right: 0


state 0

    0 $accept: . program $end

    PRINT_SYMBOL_TABLE  shift, and go to state 1
    EXIT                shift, and go to state 2

    $default  reduce using rule 3 (program)

    program  go to state 3


state 1

    1 program: PRINT_SYMBOL_TABLE .

    $default  reduce using rule 1 (program)


state 2

    2 program: EXIT .

    $default  reduce using rule 2 (program)


state 3

    0 $accept: program . $end

    $end  shift, and go to state 4


state 4

    0 $accept: program $end .

    $default  accept
